<?xml version="1.0" encoding="UTF-8"?>
<coverage generated="1579760064099" clover="3.2.0">
  <project timestamp="1579760064099" name="All files">
    <metrics statements="15" coveredstatements="15" conditionals="0" coveredconditionals="0" methods="6" coveredmethods="4" elements="21" coveredelements="19" complexity="0" loc="15" ncloc="15" packages="1" files="2" classes="2"/>
    <file name="Map.js" path="/Users/matthewfisher/WebstormProjects/mapTest/src/components/Map.js">
      <metrics statements="8" coveredstatements="8" conditionals="0" coveredconditionals="0" methods="3" coveredmethods="2"/>
      <line num="1" count="1" type="stmt"/>
      <line num="2" count="1" type="stmt"/>
      <line num="3" count="1" type="stmt"/>
      <line num="5" count="1" type="stmt"/>
      <line num="10" count="1" type="stmt"/>
      <line num="251" count="1" type="stmt"/>
      <line num="252" count="1" type="stmt"/>
      <line num="268" count="1" type="stmt"/>
    </file>
    <file name="MapButton.js" path="/Users/matthewfisher/WebstormProjects/mapTest/src/components/MapButton.js">
      <metrics statements="7" coveredstatements="7" conditionals="0" coveredconditionals="0" methods="3" coveredmethods="2"/>
      <line num="1" count="1" type="stmt"/>
      <line num="2" count="1" type="stmt"/>
      <line num="3" count="1" type="stmt"/>
      <line num="5" count="1" type="stmt"/>
      <line num="11" count="1" type="stmt"/>
      <line num="12" count="1" type="stmt"/>
      <line num="15" count="1" type="stmt"/>
    </file>
  </project>
</coverage>
