{"/Users/matthewfisher/WebstormProjects/mapTest/src/components/MapButton.js": {"path":"/Users/matthewfisher/WebstormProjects/mapTest/src/components/MapButton.js","statementMap":{"0":{"start":{"line":1,"column":42},"end":{"line":1,"column":97}},"1":{"start":{"line":1,"column":98},"end":{"line":1,"column":160}},"2":{"start":{"line":1,"column":160},"end":{"line":1,"column":185}},"3":{"start":{"line":1,"column":220},"end":{"line":1,"column":304}},"4":{"start":{"line":1,"column":318},"end":{"line":1,"column":358}},"5":{"start":{"line":2,"column":24},"end":{"line":2,"column":76}},"6":{"start":{"line":3,"column":19},"end":{"line":3,"column":42}},"7":{"start":{"line":4,"column":35},"end":{"line":4,"column":76}},"8":{"start":{"line":4,"column":96},"end":{"line":4,"column":171}},"9":{"start":{"line":4,"column":211},"end":{"line":4,"column":513}},"10":{"start":{"line":4,"column":514},"end":{"line":4,"column":574}},"11":{"start":{"line":4,"column":560},"end":{"line":4,"column":572}},"12":{"start":{"line":4,"column":574},"end":{"line":4,"column":586}},"13":{"start":{"line":6,"column":16},"end":{"line":25,"column":1}},"14":{"start":{"line":7,"column":21},"end":{"line":11,"column":36}},"15":{"start":{"line":18,"column":2},"end":{"line":21,"column":36}},"16":{"start":{"line":27,"column":0},"end":{"line":27,"column":9}},"17":{"start":{"line":27,"column":10},"end":{"line":27,"column":37}}},"fnMap":{"0":{"name":"_templateObject","decl":{"start":{"line":4,"column":181},"end":{"line":4,"column":196}},"loc":{"start":{"line":4,"column":199},"end":{"line":4,"column":587}},"line":4},"1":{"name":"_templateObject","decl":{"start":{"line":4,"column":541},"end":{"line":4,"column":556}},"loc":{"start":{"line":4,"column":559},"end":{"line":4,"column":573}},"line":4},"2":{"name":"MapButton","decl":{"start":{"line":6,"column":25},"end":{"line":6,"column":34}},"loc":{"start":{"line":6,"column":42},"end":{"line":25,"column":1}},"line":6}},"branchMap":{"0":{"loc":{"start":{"line":11,"column":2},"end":{"line":11,"column":35}},"type":"cond-expr","locations":[{"start":{"line":11,"column":14},"end":{"line":11,"column":23}},{"start":{"line":11,"column":26},"end":{"line":11,"column":35}}],"line":11},"1":{"loc":{"start":{"line":21,"column":4},"end":{"line":21,"column":32}},"type":"cond-expr","locations":[{"start":{"line":21,"column":16},"end":{"line":21,"column":23}},{"start":{"line":21,"column":26},"end":{"line":21,"column":32}}],"line":21}},"s":{"0":1,"1":1,"2":1,"3":1,"4":1,"5":1,"6":1,"7":1,"8":1,"9":1,"10":1,"11":2,"12":1,"13":1,"14":3,"15":3,"16":1,"17":1},"f":{"0":1,"1":2,"2":3},"b":{"0":[3,0],"1":[3,0]},"_coverageSchema":"1a1c01bbd47fc00a2c39e90264f33305004495a9","hash":"fd34831a7b8c85708b3a39f12eb066c9dc66be24"}
}
