{"/Users/matthewfisher/WebstormProjects/mapTest/src/components/Map.js": {"path":"/Users/matthewfisher/WebstormProjects/mapTest/src/components/Map.js","statementMap":{"0":{"start":{"line":1,"column":42},"end":{"line":1,"column":97}},"1":{"start":{"line":1,"column":128},"end":{"line":1,"column":184}},"2":{"start":{"line":1,"column":185},"end":{"line":1,"column":247}},"3":{"start":{"line":1,"column":247},"end":{"line":1,"column":272}},"4":{"start":{"line":1,"column":307},"end":{"line":1,"column":391}},"5":{"start":{"line":1,"column":405},"end":{"line":1,"column":445}},"6":{"start":{"line":2,"column":24},"end":{"line":2,"column":76}},"7":{"start":{"line":3,"column":23},"end":{"line":3,"column":76}},"8":{"start":{"line":3,"column":96},"end":{"line":3,"column":165}},"9":{"start":{"line":3,"column":205},"end":{"line":3,"column":287}},"10":{"start":{"line":3,"column":288},"end":{"line":3,"column":348}},"11":{"start":{"line":3,"column":334},"end":{"line":3,"column":346}},"12":{"start":{"line":3,"column":348},"end":{"line":3,"column":360}},"13":{"start":{"line":5,"column":16},"end":{"line":5,"column":91}},"14":{"start":{"line":10,"column":19},"end":{"line":245,"column":26}},"15":{"start":{"line":251,"column":10},"end":{"line":266,"column":1}},"16":{"start":{"line":252,"column":2},"end":{"line":263,"column":94}},"17":{"start":{"line":268,"column":0},"end":{"line":268,"column":3}},"18":{"start":{"line":268,"column":4},"end":{"line":268,"column":31}}},"fnMap":{"0":{"name":"_templateObject","decl":{"start":{"line":3,"column":175},"end":{"line":3,"column":190}},"loc":{"start":{"line":3,"column":193},"end":{"line":3,"column":361}},"line":3},"1":{"name":"_templateObject","decl":{"start":{"line":3,"column":315},"end":{"line":3,"column":330}},"loc":{"start":{"line":3,"column":333},"end":{"line":3,"column":347}},"line":3},"2":{"name":"Map","decl":{"start":{"line":251,"column":19},"end":{"line":251,"column":22}},"loc":{"start":{"line":251,"column":30},"end":{"line":266,"column":1}},"line":251}},"branchMap":{},"s":{"0":1,"1":1,"2":1,"3":1,"4":1,"5":1,"6":1,"7":1,"8":1,"9":1,"10":1,"11":0,"12":1,"13":1,"14":1,"15":1,"16":1,"17":1,"18":1},"f":{"0":1,"1":0,"2":1},"b":{},"_coverageSchema":"1a1c01bbd47fc00a2c39e90264f33305004495a9","hash":"b59eb3d0451fa487300869706014bdd69f55bb61"}
,"/Users/matthewfisher/WebstormProjects/mapTest/src/components/MapButton.js": {"path":"/Users/matthewfisher/WebstormProjects/mapTest/src/components/MapButton.js","statementMap":{"0":{"start":{"line":1,"column":42},"end":{"line":1,"column":97}},"1":{"start":{"line":1,"column":98},"end":{"line":1,"column":160}},"2":{"start":{"line":1,"column":160},"end":{"line":1,"column":185}},"3":{"start":{"line":1,"column":220},"end":{"line":1,"column":304}},"4":{"start":{"line":1,"column":318},"end":{"line":1,"column":358}},"5":{"start":{"line":2,"column":24},"end":{"line":2,"column":76}},"6":{"start":{"line":3,"column":19},"end":{"line":3,"column":42}},"7":{"start":{"line":3,"column":62},"end":{"line":3,"column":137}},"8":{"start":{"line":3,"column":177},"end":{"line":3,"column":286}},"9":{"start":{"line":3,"column":287},"end":{"line":3,"column":347}},"10":{"start":{"line":3,"column":333},"end":{"line":3,"column":345}},"11":{"start":{"line":3,"column":347},"end":{"line":3,"column":359}},"12":{"start":{"line":5,"column":19},"end":{"line":5,"column":89}},"13":{"start":{"line":11,"column":16},"end":{"line":13,"column":1}},"14":{"start":{"line":12,"column":2},"end":{"line":12,"column":154}},"15":{"start":{"line":15,"column":0},"end":{"line":15,"column":9}},"16":{"start":{"line":15,"column":10},"end":{"line":15,"column":37}}},"fnMap":{"0":{"name":"_templateObject","decl":{"start":{"line":3,"column":147},"end":{"line":3,"column":162}},"loc":{"start":{"line":3,"column":165},"end":{"line":3,"column":360}},"line":3},"1":{"name":"_templateObject","decl":{"start":{"line":3,"column":314},"end":{"line":3,"column":329}},"loc":{"start":{"line":3,"column":332},"end":{"line":3,"column":346}},"line":3},"2":{"name":"MapButton","decl":{"start":{"line":11,"column":25},"end":{"line":11,"column":34}},"loc":{"start":{"line":11,"column":42},"end":{"line":13,"column":1}},"line":11}},"branchMap":{},"s":{"0":1,"1":1,"2":1,"3":1,"4":1,"5":1,"6":1,"7":1,"8":1,"9":1,"10":0,"11":1,"12":1,"13":1,"14":1,"15":1,"16":1},"f":{"0":1,"1":0,"2":1},"b":{},"_coverageSchema":"1a1c01bbd47fc00a2c39e90264f33305004495a9","hash":"cd8a7432a331915e4a48e3e3a2738a2ebc15ef92"}
}
