TN:
SF:src/components/Map.js
FN:3,_templateObject
FN:3,_templateObject
FN:251,Map
FNF:3
FNH:2
FNDA:1,_templateObject
FNDA:0,_templateObject
FNDA:1,Map
DA:1,1
DA:2,1
DA:3,1
DA:5,1
DA:10,1
DA:251,1
DA:252,1
DA:268,1
LF:8
LH:8
BRF:0
BRH:0
end_of_record
TN:
SF:src/components/MapButton.js
FN:3,_templateObject
FN:3,_templateObject
FN:11,MapButton
FNF:3
FNH:2
FNDA:1,_templateObject
FNDA:0,_templateObject
FNDA:1,MapButton
DA:1,1
DA:2,1
DA:3,1
DA:5,1
DA:11,1
DA:12,1
DA:15,1
LF:7
LH:7
BRF:0
BRH:0
end_of_record
